[2022-04-06T15:14:00.108] [DEBUG] cheese - 添加芯片:测试CT
[2022-04-06T20:51:39.681] [DEBUG] cheese - login => username:admin,password:123456
[2022-04-06T20:51:53.639] [DEBUG] cheese - 添加芯片:testt
[2022-04-06T20:52:03.731] [DEBUG] cheese - 删除芯片: id950
[2022-04-06T21:32:14.808] [DEBUG] cheese - 添加芯片:testDelet
[2022-04-06T21:34:02.174] [DEBUG] cheese - 删除芯片: id955
[2022-04-06T21:34:23.966] [DEBUG] cheese - 添加芯片:testDelet
[2022-04-06T22:22:17.016] [DEBUG] cheese - login => username:admin,password:123456
[2022-04-06T22:25:10.046] [DEBUG] cheese - login => username:admin,password:123456
[2022-04-07T09:46:58.964] [DEBUG] cheese - login => username:wwww,password:123456
[2022-04-07T10:07:55.830] [DEBUG] cheese - login => username:admin,password:123456
[2022-04-07T10:08:03.919] [DEBUG] cheese - 删除芯片: id956
[2022-04-07T11:02:56.931] [DEBUG] cheese - login => username:admin,password:123456
[2022-04-07T11:08:02.377] [DEBUG] cheese - login => username:admin,password:123456
[2022-04-07T11:08:08.069] [DEBUG] cheese - login => username:test,password:123456
[2022-04-07T15:07:14.848] [DEBUG] cheese - login => username:admin,password:123456
[2022-04-07T15:08:01.600] [DEBUG] cheese - login => username:admin,password:123456
[2022-04-07T21:58:37.065] [DEBUG] cheese - login => username:admin,password:123456
[2022-04-08T09:22:22.051] [DEBUG] cheese - login => username:admin,password:123456
[2022-04-08T09:26:09.760] [DEBUG] cheese - login => username:admin,password:123456
[2022-04-09T09:51:00.490] [DEBUG] cheese - 用户登录： username:admin
[2022-04-10T09:36:58.992] [DEBUG] cheese - 用户登录： username:admin
[2022-04-10T17:45:29.455] [DEBUG] cheese - 用户登录： username:admin
[2022-04-10T17:45:31.783] [DEBUG] cheese - 用户登录： username:admin
[2022-04-10T21:59:26.967] [DEBUG] cheese - 用户登录： username:admin
[2022-04-10T22:06:37.572] [DEBUG] cheese - 用户登录： username:admin
[2022-04-10T22:50:59.896] [DEBUG] cheese - 用户登录： username:admin
[2022-04-10T22:55:51.068] [DEBUG] cheese - 用户登录： username:admin
[2022-04-11T09:50:41.729] [DEBUG] cheese - 用户登录： username:admin
[2022-04-11T10:23:54.120] [DEBUG] cheese - 用户登录： username:admin
[2022-04-11T10:24:54.274] [DEBUG] cheese - 用户登录： username:test
[2022-04-11T10:25:12.562] [DEBUG] cheese - 用户登录： username:aa
[2022-04-11T10:25:12.564] [DEBUG] cheese - null
[2022-04-11T10:25:55.704] [DEBUG] cheese - 用户登录： username:test
[2022-04-11T10:26:08.940] [DEBUG] cheese - 用户登录： username:admin
[2022-04-11T10:26:21.258] [DEBUG] cheese - 用户登录： username:test
[2022-04-11T15:33:23.919] [DEBUG] cheese - 用户登录： username:test
[2022-04-11T15:33:28.244] [DEBUG] cheese - 用户登录： username:test
[2022-04-11T15:34:10.714] [DEBUG] cheese - 用户登录： username:admin
[2022-04-11T15:56:08.561] [DEBUG] cheese - 用户登录： username:testAdd
[2022-04-11T15:56:42.627] [DEBUG] cheese - 用户登录： username:testAdd
[2022-04-11T16:44:36.191] [DEBUG] cheese - 用户登录： username:testAdd
[2022-04-11T16:46:25.903] [DEBUG] cheese - 用户登录： username:testAdd
[2022-04-11T16:46:35.243] [DEBUG] cheese - 用户登录： username:testAdd
[2022-04-11T16:48:20.838] [DEBUG] cheese - 删除芯片: id956
[2022-04-11T16:49:50.524] [DEBUG] cheese - 用户登录： username:admin
[2022-04-11T16:50:20.943] [DEBUG] cheese - 用户登录： username:testAdd
[2022-04-11T20:22:58.454] [DEBUG] cheese - 用户登录： username:admin
[2022-04-11T20:43:32.920] [DEBUG] cheese - 用户登录： username:admin
[2022-04-11T22:15:29.659] [DEBUG] cheese - 添加芯片:testAdd
[2022-04-11T22:17:41.588] [DEBUG] cheese - 添加芯片:testAdd
[2022-04-11T22:32:32.617] [DEBUG] cheese - 添加芯片:testReq
[2022-04-12T11:46:10.236] [DEBUG] cheese - 用户登录： username:admin
[2022-04-12T14:45:49.702] [DEBUG] cheese - 删除检测数据: id73
[2022-04-14T09:26:46.845] [DEBUG] cheese - 用户登录： username:admin
[2022-04-14T17:38:54.613] [DEBUG] cheese - 用户登录： username:admin
[2022-04-15T09:41:17.446] [DEBUG] cheese - 用户登录： username:admin
[2022-04-15T19:10:56.603] [DEBUG] cheese - 用户登录： username:admin
[2022-04-15T19:43:08.839] [DEBUG] cheese - 用户登录： username:admin
[2022-04-16T10:25:23.522] [DEBUG] cheese - 用户登录： username:admin
[2022-04-16T20:17:47.907] [DEBUG] cheese - 用户登录： username:admin
[2022-04-17T08:58:57.073] [DEBUG] cheese - 用户登录： username:admin
[2022-04-17T09:21:22.428] [DEBUG] cheese - 用户登录： username:admin
[2022-04-17T11:08:31.827] [DEBUG] cheese - 用户登录： username:admin
[2022-04-17T11:30:51.570] [DEBUG] cheese - 用户登录： username:testAdd
[2022-04-17T11:31:14.046] [DEBUG] cheese - 用户登录： username:admin
